<?xml version="1.0" encoding="UTF-8"?>
<!-- Generated by org.testng.reporters.JUnitXMLReporter -->
<testsuite ignored="1" hostname="DESKTOP-RN8A7UI" failures="1" tests="4" name="Car Loan" time="0.062" errors="0" timestamp="2024-07-23T01:10:26 IST">
  <testcase classname="Test.day3" name="APICarLoan" time="0.012">
    <failure type="java.lang.AssertionError" message="expected [true] but found [false]">
      <![CDATA[java.lang.AssertionError: expected [true] but found [false]
at Test.day3.APICarLoan(day3.java:62)
at java.base/java.util.ArrayList.forEach(ArrayList.java:1596)
at java.base/java.util.concurrent.FutureTask.run(FutureTask.java:317)
at java.base/java.util.concurrent.ThreadPoolExecutor.runWorker(ThreadPoolExecutor.java:1144)
at java.base/java.util.concurrent.ThreadPoolExecutor$Worker.run(ThreadPoolExecutor.java:642)
at java.base/java.lang.Thread.run(Thread.java:1583)
... Removed 20 stack frames]]>
    </failure>
  </testcase> <!-- APICarLoan -->
  <testcase classname="Test.day3" name="MobileSigninCarLoan" time="0.002"/>
  <testcase classname="Test.day3" name="MobilelogoutCarLoan" time="0.002"/>
  <testcase classname="Test.day3" name="WebloginCarLoan" time="0.005"/>
  <testcase classname="Test.day3" name="MobileloginCarLoan" time="0.0">
    <ignored/>
  </testcase> <!-- MobileloginCarLoan -->
</testsuite> <!-- Car Loan -->
