<?xml version="1.0" encoding="UTF-8"?>
<!-- Generated by org.testng.reporters.JUnitXMLReporter -->
<testsuite ignored="0" hostname="DESKTOP-RN8A7UI" failures="0" tests="5" name="Home loan" time="0.02" errors="0" timestamp="2024-07-23T01:10:26 IST">
  <testcase classname="Test.day4" name="LoginAPIHomeLoan" time="0.002"/>
  <testcase classname="Test.day4" name="MobileloginHomeLoan" time="0.002"/>
  <testcase classname="Test.day4" name="MobileloginHomeLoan" time="0.001"/>
  <testcase classname="Test.day4" name="MobileloginHomeLoan" time="0.0"/>
  <testcase classname="Test.day4" name="WebloginHomeLoan" time="0.001"/>
</testsuite> <!-- Home loan -->
